[32m[Nest] 28336  - [39m02/09/2026, 3:45:59 PM [32m    LOG[39m [38;5;3m[NestFactory] [39m[32mStarting Nest application...[39m
[32m[Nest] 28336  - [39m02/09/2026, 3:45:59 PM [32m    LOG[39m [38;5;3m[InstanceLoader] [39m[32mTypeOrmModule dependencies initialized[39m[38;5;3m +76ms[39m
[32m[Nest] 28336  - [39m02/09/2026, 3:45:59 PM [32m    LOG[39m [38;5;3m[InstanceLoader] [39m[32mPassportModule dependencies initialized[39m[38;5;3m +1ms[39m
[32m[Nest] 28336  - [39m02/09/2026, 3:45:59 PM [32m    LOG[39m [38;5;3m[InstanceLoader] [39m[32mReviewsModule dependencies initialized[39m[38;5;3m +0ms[39m
[32m[Nest] 28336  - [39m02/09/2026, 3:45:59 PM [32m    LOG[39m [38;5;3m[InstanceLoader] [39m[32mMailsModule dependencies initialized[39m[38;5;3m +0ms[39m
[32m[Nest] 28336  - [39m02/09/2026, 3:45:59 PM [32m    LOG[39m [38;5;3m[InstanceLoader] [39m[32mConfigHostModule dependencies initialized[39m[38;5;3m +2ms[39m
[32m[Nest] 28336  - [39m02/09/2026, 3:45:59 PM [32m    LOG[39m [38;5;3m[InstanceLoader] [39m[32mConfigModule dependencies initialized[39m[38;5;3m +2ms[39m
[32m[Nest] 28336  - [39m02/09/2026, 3:45:59 PM [32m    LOG[39m [38;5;3m[InstanceLoader] [39m[32mConfigModule dependencies initialized[39m[38;5;3m +0ms[39m
[32m[Nest] 28336  - [39m02/09/2026, 3:45:59 PM [32m    LOG[39m [38;5;3m[InstanceLoader] [39m[32mServeStaticModule dependencies initialized[39m[38;5;3m +0ms[39m
[32m[Nest] 28336  - [39m02/09/2026, 3:45:59 PM [32m    LOG[39m [38;5;3m[InstanceLoader] [39m[32mJwtModule dependencies initialized[39m[38;5;3m +1ms[39m
[32m[Nest] 28336  - [39m02/09/2026, 3:45:59 PM [32m    LOG[39m [38;5;3m[InstanceLoader] [39m[32mAppModule dependencies initialized[39m[38;5;3m +0ms[39m
[31m[Nest] 28336  - [39m02/09/2026, 3:45:59 PM [31m  ERROR[39m [38;5;3m[TypeOrmModule] [39m[31mUnable to connect to the database. Retrying (1)...[39m
DataTypeNotSupportedError: Data type "Object" in "Quote.guest_name" is not supported by "postgres" database.
    at C:\dev\kalsanweb\backend\node_modules\typeorm\metadata-builder\EntityMetadataValidator.js:89:27
    at Array.forEach (<anonymous>)
    at EntityMetadataValidator.validate (C:\dev\kalsanweb\backend\node_modules\typeorm\metadata-builder\EntityMetadataValidator.js:86:18)
    at C:\dev\kalsanweb\backend\node_modules\typeorm\metadata-builder\EntityMetadataValidator.js:38:58
    at Array.forEach (<anonymous>)
    at EntityMetadataValidator.validateMany (C:\dev\kalsanweb\backend\node_modules\typeorm\metadata-builder\EntityMetadataValidator.js:38:25)
    at DataSource.buildMetadatas (C:\dev\kalsanweb\backend\node_modules\typeorm\data-source\DataSource.js:493:33)
    at process.processTicksAndRejections (node:internal/process/task_queues:105:5)
    at async DataSource.initialize (C:\dev\kalsanweb\backend\node_modules\typeorm\data-source\DataSource.js:145:13)
[31m[Nest] 28336  - [39m02/09/2026, 3:46:02 PM [31m  ERROR[39m [38;5;3m[TypeOrmModule] [39m[31mUnable to connect to the database. Retrying (2)...[39m
DataTypeNotSupportedError: Data type "Object" in "Quote.guest_name" is not supported by "postgres" database.
    at C:\dev\kalsanweb\backend\node_modules\typeorm\metadata-builder\EntityMetadataValidator.js:89:27
    at Array.forEach (<anonymous>)
    at EntityMetadataValidator.validate (C:\dev\kalsanweb\backend\node_modules\typeorm\metadata-builder\EntityMetadataValidator.js:86:18)
    at C:\dev\kalsanweb\backend\node_modules\typeorm\metadata-builder\EntityMetadataValidator.js:38:58
    at Array.forEach (<anonymous>)
    at EntityMetadataValidator.validateMany (C:\dev\kalsanweb\backend\node_modules\typeorm\metadata-builder\EntityMetadataValidator.js:38:25)
    at DataSource.buildMetadatas (C:\dev\kalsanweb\backend\node_modules\typeorm\data-source\DataSource.js:493:33)
    at process.processTicksAndRejections (node:internal/process/task_queues:105:5)
    at async DataSource.initialize (C:\dev\kalsanweb\backend\node_modules\typeorm\data-source\DataSource.js:145:13)
[31m[Nest] 28336  - [39m02/09/2026, 3:46:05 PM [31m  ERROR[39m [38;5;3m[TypeOrmModule] [39m[31mUnable to connect to the database. Retrying (3)...[39m
DataTypeNotSupportedError: Data type "Object" in "Quote.guest_name" is not supported by "postgres" database.
    at C:\dev\kalsanweb\backend\node_modules\typeorm\metadata-builder\EntityMetadataValidator.js:89:27
    at Array.forEach (<anonymous>)
    at EntityMetadataValidator.validate (C:\dev\kalsanweb\backend\node_modules\typeorm\metadata-builder\EntityMetadataValidator.js:86:18)
    at C:\dev\kalsanweb\backend\node_modules\typeorm\metadata-builder\EntityMetadataValidator.js:38:58
    at Array.forEach (<anonymous>)
    at EntityMetadataValidator.validateMany (C:\dev\kalsanweb\backend\node_modules\typeorm\metadata-builder\EntityMetadataValidator.js:38:25)
    at DataSource.buildMetadatas (C:\dev\kalsanweb\backend\node_modules\typeorm\data-source\DataSource.js:493:33)
    at process.processTicksAndRejections (node:internal/process/task_queues:105:5)
    at async DataSource.initialize (C:\dev\kalsanweb\backend\node_modules\typeorm\data-source\DataSource.js:145:13)
[31m[Nest] 28336  - [39m02/09/2026, 3:46:08 PM [31m  ERROR[39m [38;5;3m[TypeOrmModule] [39m[31mUnable to connect to the database. Retrying (4)...[39m
DataTypeNotSupportedError: Data type "Object" in "Quote.guest_name" is not supported by "postgres" database.
    at C:\dev\kalsanweb\backend\node_modules\typeorm\metadata-builder\EntityMetadataValidator.js:89:27
    at Array.forEach (<anonymous>)
    at EntityMetadataValidator.validate (C:\dev\kalsanweb\backend\node_modules\typeorm\metadata-builder\EntityMetadataValidator.js:86:18)
    at C:\dev\kalsanweb\backend\node_modules\typeorm\metadata-builder\EntityMetadataValidator.js:38:58
    at Array.forEach (<anonymous>)
    at EntityMetadataValidator.validateMany (C:\dev\kalsanweb\backend\node_modules\typeorm\metadata-builder\EntityMetadataValidator.js:38:25)
    at DataSource.buildMetadatas (C:\dev\kalsanweb\backend\node_modules\typeorm\data-source\DataSource.js:493:33)
    at process.processTicksAndRejections (node:internal/process/task_queues:105:5)
    at async DataSource.initialize (C:\dev\kalsanweb\backend\node_modules\typeorm\data-source\DataSource.js:145:13)
[31m[Nest] 28336  - [39m02/09/2026, 3:46:11 PM [31m  ERROR[39m [38;5;3m[TypeOrmModule] [39m[31mUnable to connect to the database. Retrying (5)...[39m
DataTypeNotSupportedError: Data type "Object" in "Quote.guest_name" is not supported by "postgres" database.
    at C:\dev\kalsanweb\backend\node_modules\typeorm\metadata-builder\EntityMetadataValidator.js:89:27
    at Array.forEach (<anonymous>)
    at EntityMetadataValidator.validate (C:\dev\kalsanweb\backend\node_modules\typeorm\metadata-builder\EntityMetadataValidator.js:86:18)
    at C:\dev\kalsanweb\backend\node_modules\typeorm\metadata-builder\EntityMetadataValidator.js:38:58
    at Array.forEach (<anonymous>)
    at EntityMetadataValidator.validateMany (C:\dev\kalsanweb\backend\node_modules\typeorm\metadata-builder\EntityMetadataValidator.js:38:25)
    at DataSource.buildMetadatas (C:\dev\kalsanweb\backend\node_modules\typeorm\data-source\DataSource.js:493:33)
    at process.processTicksAndRejections (node:internal/process/task_queues:105:5)
    at async DataSource.initialize (C:\dev\kalsanweb\backend\node_modules\typeorm\data-source\DataSource.js:145:13)
[31m[Nest] 28336  - [39m02/09/2026, 3:46:14 PM [31m  ERROR[39m [38;5;3m[TypeOrmModule] [39m[31mUnable to connect to the database. Retrying (6)...[39m
DataTypeNotSupportedError: Data type "Object" in "Quote.guest_name" is not supported by "postgres" database.
    at C:\dev\kalsanweb\backend\node_modules\typeorm\metadata-builder\EntityMetadataValidator.js:89:27
    at Array.forEach (<anonymous>)
    at EntityMetadataValidator.validate (C:\dev\kalsanweb\backend\node_modules\typeorm\metadata-builder\EntityMetadataValidator.js:86:18)
    at C:\dev\kalsanweb\backend\node_modules\typeorm\metadata-builder\EntityMetadataValidator.js:38:58
    at Array.forEach (<anonymous>)
    at EntityMetadataValidator.validateMany (C:\dev\kalsanweb\backend\node_modules\typeorm\metadata-builder\EntityMetadataValidator.js:38:25)
    at DataSource.buildMetadatas (C:\dev\kalsanweb\backend\node_modules\typeorm\data-source\DataSource.js:493:33)
    at process.processTicksAndRejections (node:internal/process/task_queues:105:5)
    at async DataSource.initialize (C:\dev\kalsanweb\backend\node_modules\typeorm\data-source\DataSource.js:145:13)
[31m[Nest] 28336  - [39m02/09/2026, 3:46:17 PM [31m  ERROR[39m [38;5;3m[TypeOrmModule] [39m[31mUnable to connect to the database. Retrying (7)...[39m
DataTypeNotSupportedError: Data type "Object" in "Quote.guest_name" is not supported by "postgres" database.
    at C:\dev\kalsanweb\backend\node_modules\typeorm\metadata-builder\EntityMetadataValidator.js:89:27
    at Array.forEach (<anonymous>)
    at EntityMetadataValidator.validate (C:\dev\kalsanweb\backend\node_modules\typeorm\metadata-builder\EntityMetadataValidator.js:86:18)
    at C:\dev\kalsanweb\backend\node_modules\typeorm\metadata-builder\EntityMetadataValidator.js:38:58
    at Array.forEach (<anonymous>)
    at EntityMetadataValidator.validateMany (C:\dev\kalsanweb\backend\node_modules\typeorm\metadata-builder\EntityMetadataValidator.js:38:25)
    at DataSource.buildMetadatas (C:\dev\kalsanweb\backend\node_modules\typeorm\data-source\DataSource.js:493:33)
    at process.processTicksAndRejections (node:internal/process/task_queues:105:5)
    at async DataSource.initialize (C:\dev\kalsanweb\backend\node_modules\typeorm\data-source\DataSource.js:145:13)
[31m[Nest] 28336  - [39m02/09/2026, 3:46:20 PM [31m  ERROR[39m [38;5;3m[TypeOrmModule] [39m[31mUnable to connect to the database. Retrying (8)...[39m
DataTypeNotSupportedError: Data type "Object" in "Quote.guest_name" is not supported by "postgres" database.
    at C:\dev\kalsanweb\backend\node_modules\typeorm\metadata-builder\EntityMetadataValidator.js:89:27
    at Array.forEach (<anonymous>)
    at EntityMetadataValidator.validate (C:\dev\kalsanweb\backend\node_modules\typeorm\metadata-builder\EntityMetadataValidator.js:86:18)
    at C:\dev\kalsanweb\backend\node_modules\typeorm\metadata-builder\EntityMetadataValidator.js:38:58
    at Array.forEach (<anonymous>)
    at EntityMetadataValidator.validateMany (C:\dev\kalsanweb\backend\node_modules\typeorm\metadata-builder\EntityMetadataValidator.js:38:25)
    at DataSource.buildMetadatas (C:\dev\kalsanweb\backend\node_modules\typeorm\data-source\DataSource.js:493:33)
    at process.processTicksAndRejections (node:internal/process/task_queues:105:5)
    at async DataSource.initialize (C:\dev\kalsanweb\backend\node_modules\typeorm\data-source\DataSource.js:145:13)
[31m[Nest] 28336  - [39m02/09/2026, 3:46:23 PM [31m  ERROR[39m [38;5;3m[TypeOrmModule] [39m[31mUnable to connect to the database. Retrying (9)...[39m
DataTypeNotSupportedError: Data type "Object" in "Quote.guest_name" is not supported by "postgres" database.
    at C:\dev\kalsanweb\backend\node_modules\typeorm\metadata-builder\EntityMetadataValidator.js:89:27
    at Array.forEach (<anonymous>)
    at EntityMetadataValidator.validate (C:\dev\kalsanweb\backend\node_modules\typeorm\metadata-builder\EntityMetadataValidator.js:86:18)
    at C:\dev\kalsanweb\backend\node_modules\typeorm\metadata-builder\EntityMetadataValidator.js:38:58
    at Array.forEach (<anonymous>)
    at EntityMetadataValidator.validateMany (C:\dev\kalsanweb\backend\node_modules\typeorm\metadata-builder\EntityMetadataValidator.js:38:25)
    at DataSource.buildMetadatas (C:\dev\kalsanweb\backend\node_modules\typeorm\data-source\DataSource.js:493:33)
    at process.processTicksAndRejections (node:internal/process/task_queues:105:5)
    at async DataSource.initialize (C:\dev\kalsanweb\backend\node_modules\typeorm\data-source\DataSource.js:145:13)
[31m[Nest] 28336  - [39m02/09/2026, 3:46:23 PM [31m  ERROR[39m [38;5;3m[ExceptionHandler] [39mDataTypeNotSupportedError: Data type "Object" in "Quote.guest_name" is not supported by "postgres" database.
    at [90mC:\dev\kalsanweb\backend\[39mnode_modules\[4mtypeorm[24m\metadata-builder\EntityMetadataValidator.js:89:27
    at Array.forEach (<anonymous>)
    at EntityMetadataValidator.validate [90m(C:\dev\kalsanweb\backend\[39mnode_modules\[4mtypeorm[24m\metadata-builder\EntityMetadataValidator.js:86:18[90m)[39m
    at [90mC:\dev\kalsanweb\backend\[39mnode_modules\[4mtypeorm[24m\metadata-builder\EntityMetadataValidator.js:38:58
    at Array.forEach (<anonymous>)
    at EntityMetadataValidator.validateMany [90m(C:\dev\kalsanweb\backend\[39mnode_modules\[4mtypeorm[24m\metadata-builder\EntityMetadataValidator.js:38:25[90m)[39m
    at DataSource.buildMetadatas [90m(C:\dev\kalsanweb\backend\[39mnode_modules\[4mtypeorm[24m\data-source\DataSource.js:493:33[90m)[39m
[90m    at process.processTicksAndRejections (node:internal/process/task_queues:105:5)[39m
    at async DataSource.initialize [90m(C:\dev\kalsanweb\backend\[39mnode_modules\[4mtypeorm[24m\data-source\DataSource.js:145:13[90m)[39m
